Performing C++ SOURCE FILE Test CMAKE_HAVE_LIBC_PTHREAD failed with the following output:
Change Dir: /mu/crash-consensus/demo/using_conan_deps/build/CMakeFiles/CMakeScratch/TryCompile-U034xU

Run Build Command(s):/usr/bin/ninja cmTC_4b624 && [1/2] Building CXX object CMakeFiles/cmTC_4b624.dir/src.cxx.o
[2/2] Linking CXX executable cmTC_4b624
FAILED: cmTC_4b624 
: && /usr/bin/c++ -Wall -Wfloat-equal -Wpedantic -Wpointer-arith -Wswitch-default -Wpacked -Wextra -Winvalid-pch -Wmissing-field-initializers -Wunreachable-code -Wcast-align -Wcast-qual -Wdisabled-optimization -Wformat=2 -Wformat-nonliteral -Wuninitialized -Wformat-security -Wformat-y2k -Winit-self -Wmissing-declarations -Wmissing-include-dirs -Wredundant-decls -Wstrict-overflow=5 -Wundef -Wno-unused -Wctor-dtor-privacy -Wsign-promo -Woverloaded-virtual -Wold-style-cast -Wlogical-op -Wstrict-null-sentinel -Wnoexcept  -m64  CMakeFiles/cmTC_4b624.dir/src.cxx.o -o cmTC_4b624   && :
CMakeFiles/cmTC_4b624.dir/src.cxx.o: In function `main':
src.cxx:(.text+0x3e): undefined reference to `pthread_create'
src.cxx:(.text+0x4a): undefined reference to `pthread_detach'
src.cxx:(.text+0x56): undefined reference to `pthread_cancel'
src.cxx:(.text+0x67): undefined reference to `pthread_join'
src.cxx:(.text+0x7b): undefined reference to `pthread_atfork'
collect2: error: ld returned 1 exit status
ninja: build stopped: subcommand failed.


Source file was:
#include <pthread.h>

static void* test_func(void* data)
{
  return data;
}

int main(void)
{
  pthread_t thread;
  pthread_create(&thread, NULL, test_func, NULL);
  pthread_detach(thread);
  pthread_cancel(thread);
  pthread_join(thread, NULL);
  pthread_atfork(NULL, NULL, NULL);
  pthread_exit(NULL);

  return 0;
}


Determining if the function pthread_create exists in the pthreads failed with the following output:
Change Dir: /mu/crash-consensus/demo/using_conan_deps/build/CMakeFiles/CMakeScratch/TryCompile-RRkrY1

Run Build Command(s):/usr/bin/ninja cmTC_ce75e && [1/2] Building CXX object CMakeFiles/cmTC_ce75e.dir/CheckFunctionExists.cxx.o
[2/2] Linking CXX executable cmTC_ce75e
FAILED: cmTC_ce75e 
: && /usr/bin/c++ -Wall -Wfloat-equal -Wpedantic -Wpointer-arith -Wswitch-default -Wpacked -Wextra -Winvalid-pch -Wmissing-field-initializers -Wunreachable-code -Wcast-align -Wcast-qual -Wdisabled-optimization -Wformat=2 -Wformat-nonliteral -Wuninitialized -Wformat-security -Wformat-y2k -Winit-self -Wmissing-declarations -Wmissing-include-dirs -Wredundant-decls -Wstrict-overflow=5 -Wundef -Wno-unused -Wctor-dtor-privacy -Wsign-promo -Woverloaded-virtual -Wold-style-cast -Wlogical-op -Wstrict-null-sentinel -Wnoexcept  -m64 -DCHECK_FUNCTION_EXISTS=pthread_create  CMakeFiles/cmTC_ce75e.dir/CheckFunctionExists.cxx.o -o cmTC_ce75e  -lpthreads && :
/usr/bin/ld: cannot find -lpthreads
collect2: error: ld returned 1 exit status
ninja: build stopped: subcommand failed.



