Performing C++ SOURCE FILE Test CMAKE_HAVE_LIBC_PTHREAD failed with the following output:
Change Dir: /mu/crash-consensus/demo/without_conan/build/CMakeFiles/CMakeScratch/TryCompile-Nw1SqF

Run Build Command(s):/usr/bin/make -f Makefile cmTC_61d2e/fast && /usr/bin/make  -f CMakeFiles/cmTC_61d2e.dir/build.make CMakeFiles/cmTC_61d2e.dir/build
make[1]: Entering directory '/mu/crash-consensus/demo/without_conan/build/CMakeFiles/CMakeScratch/TryCompile-Nw1SqF'
Building CXX object CMakeFiles/cmTC_61d2e.dir/src.cxx.o
/usr/bin/c++ -DCMAKE_HAVE_LIBC_PTHREAD  -Wall -Wfloat-equal -Wpedantic -Wpointer-arith -Wswitch-default -Wpacked -Wextra -Winvalid-pch -Wmissing-field-initializers -Wunreachable-code -Wcast-align -Wcast-qual -Wdisabled-optimization -Wformat=2 -Wformat-nonliteral -Wuninitialized -Wformat-security -Wformat-y2k -Winit-self -Wmissing-declarations -Wmissing-include-dirs -Wredundant-decls -Wstrict-overflow=5 -Wundef -Wno-unused -Wctor-dtor-privacy -Wsign-promo -Woverloaded-virtual -Wold-style-cast -Wlogical-op -Wstrict-null-sentinel -Wnoexcept  -std=c++1z -o CMakeFiles/cmTC_61d2e.dir/src.cxx.o -c /mu/crash-consensus/demo/without_conan/build/CMakeFiles/CMakeScratch/TryCompile-Nw1SqF/src.cxx
Linking CXX executable cmTC_61d2e
/usr/bin/cmake -E cmake_link_script CMakeFiles/cmTC_61d2e.dir/link.txt --verbose=1
/usr/bin/c++ -Wall -Wfloat-equal -Wpedantic -Wpointer-arith -Wswitch-default -Wpacked -Wextra -Winvalid-pch -Wmissing-field-initializers -Wunreachable-code -Wcast-align -Wcast-qual -Wdisabled-optimization -Wformat=2 -Wformat-nonliteral -Wuninitialized -Wformat-security -Wformat-y2k -Winit-self -Wmissing-declarations -Wmissing-include-dirs -Wredundant-decls -Wstrict-overflow=5 -Wundef -Wno-unused -Wctor-dtor-privacy -Wsign-promo -Woverloaded-virtual -Wold-style-cast -Wlogical-op -Wstrict-null-sentinel -Wnoexcept  CMakeFiles/cmTC_61d2e.dir/src.cxx.o -o cmTC_61d2e 
CMakeFiles/cmTC_61d2e.dir/src.cxx.o: In function `main':
src.cxx:(.text+0x3e): undefined reference to `pthread_create'
src.cxx:(.text+0x4a): undefined reference to `pthread_detach'
src.cxx:(.text+0x56): undefined reference to `pthread_cancel'
src.cxx:(.text+0x67): undefined reference to `pthread_join'
src.cxx:(.text+0x7b): undefined reference to `pthread_atfork'
collect2: error: ld returned 1 exit status
CMakeFiles/cmTC_61d2e.dir/build.make:98: recipe for target 'cmTC_61d2e' failed
make[1]: *** [cmTC_61d2e] Error 1
make[1]: Leaving directory '/mu/crash-consensus/demo/without_conan/build/CMakeFiles/CMakeScratch/TryCompile-Nw1SqF'
Makefile:127: recipe for target 'cmTC_61d2e/fast' failed
make: *** [cmTC_61d2e/fast] Error 2


Source file was:
#include <pthread.h>

static void* test_func(void* data)
{
  return data;
}

int main(void)
{
  pthread_t thread;
  pthread_create(&thread, NULL, test_func, NULL);
  pthread_detach(thread);
  pthread_cancel(thread);
  pthread_join(thread, NULL);
  pthread_atfork(NULL, NULL, NULL);
  pthread_exit(NULL);

  return 0;
}


Determining if the function pthread_create exists in the pthreads failed with the following output:
Change Dir: /mu/crash-consensus/demo/without_conan/build/CMakeFiles/CMakeScratch/TryCompile-puQlSM

Run Build Command(s):/usr/bin/make -f Makefile cmTC_0620a/fast && /usr/bin/make  -f CMakeFiles/cmTC_0620a.dir/build.make CMakeFiles/cmTC_0620a.dir/build
make[1]: Entering directory '/mu/crash-consensus/demo/without_conan/build/CMakeFiles/CMakeScratch/TryCompile-puQlSM'
Building CXX object CMakeFiles/cmTC_0620a.dir/CheckFunctionExists.cxx.o
/usr/bin/c++   -Wall -Wfloat-equal -Wpedantic -Wpointer-arith -Wswitch-default -Wpacked -Wextra -Winvalid-pch -Wmissing-field-initializers -Wunreachable-code -Wcast-align -Wcast-qual -Wdisabled-optimization -Wformat=2 -Wformat-nonliteral -Wuninitialized -Wformat-security -Wformat-y2k -Winit-self -Wmissing-declarations -Wmissing-include-dirs -Wredundant-decls -Wstrict-overflow=5 -Wundef -Wno-unused -Wctor-dtor-privacy -Wsign-promo -Woverloaded-virtual -Wold-style-cast -Wlogical-op -Wstrict-null-sentinel -Wnoexcept -DCHECK_FUNCTION_EXISTS=pthread_create -std=c++1z -o CMakeFiles/cmTC_0620a.dir/CheckFunctionExists.cxx.o -c /mu/crash-consensus/demo/without_conan/build/CMakeFiles/CMakeScratch/TryCompile-puQlSM/CheckFunctionExists.cxx
Linking CXX executable cmTC_0620a
/usr/bin/cmake -E cmake_link_script CMakeFiles/cmTC_0620a.dir/link.txt --verbose=1
/usr/bin/c++ -Wall -Wfloat-equal -Wpedantic -Wpointer-arith -Wswitch-default -Wpacked -Wextra -Winvalid-pch -Wmissing-field-initializers -Wunreachable-code -Wcast-align -Wcast-qual -Wdisabled-optimization -Wformat=2 -Wformat-nonliteral -Wuninitialized -Wformat-security -Wformat-y2k -Winit-self -Wmissing-declarations -Wmissing-include-dirs -Wredundant-decls -Wstrict-overflow=5 -Wundef -Wno-unused -Wctor-dtor-privacy -Wsign-promo -Woverloaded-virtual -Wold-style-cast -Wlogical-op -Wstrict-null-sentinel -Wnoexcept -DCHECK_FUNCTION_EXISTS=pthread_create CMakeFiles/cmTC_0620a.dir/CheckFunctionExists.cxx.o -o cmTC_0620a  -lpthreads 
/usr/bin/ld: cannot find -lpthreads
collect2: error: ld returned 1 exit status
CMakeFiles/cmTC_0620a.dir/build.make:98: recipe for target 'cmTC_0620a' failed
make[1]: *** [cmTC_0620a] Error 1
make[1]: Leaving directory '/mu/crash-consensus/demo/without_conan/build/CMakeFiles/CMakeScratch/TryCompile-puQlSM'
Makefile:127: recipe for target 'cmTC_0620a/fast' failed
make: *** [cmTC_0620a/fast] Error 2



